2026-01-17 10:44:56 +00:00: 
2026-01-17 10:44:56 +00:00: Collecting usage statistics. To deactivate, set browser.gatherUsageStats to false.
2026-01-17 10:44:56 +00:00: 
2026-01-17 10:44:57 +00:00: 
2026-01-17 10:44:57 +00:00:   You can now view your Streamlit app in your browser.
2026-01-17 10:44:57 +00:00: 
2026-01-17 10:44:57 +00:00:   URL: http://0.0.0.0:8501
2026-01-17 10:44:57 +00:00: 
2026-01-17 10:48:20 +00:00:   Stopping...
2026-01-17 10:48:21 +00:00: 
2026-01-17 10:48:21 +00:00: Collecting usage statistics. To deactivate, set browser.gatherUsageStats to false.
2026-01-17 10:48:21 +00:00: 
2026-01-17 10:48:22 +00:00: 
2026-01-17 10:48:22 +00:00:   You can now view your Streamlit app in your browser.
2026-01-17 10:48:22 +00:00: 
2026-01-17 10:48:22 +00:00: http://0.0.0.0:8501
2026-01-17 10:48:22 +00:00: 
2026-01-17 10:51:11 +00:00:   Stopping...
2026-01-17 10:51:12 +00:00: 
2026-01-17 10:51:12 +00:00: Collecting usage statistics. To deactivate, set browser.gatherUsageStats to false.
2026-01-17 10:51:12 +00:00: 
2026-01-17 10:51:13 +00:00: 
2026-01-17 10:51:13 +00:00:   You can now view your Streamlit app in your browser.
2026-01-17 10:51:13 +00:00: 
2026-01-17 10:51:13 +00:00: http://0.0.0.0:8501
2026-01-17 10:51:13 +00:00: 
2026-01-17 10:53:55 +00:00:   Stopping...
2026-01-17 10:53:56 +00:00: 
2026-01-17 10:53:56 +00:00: Collecting usage statistics. To deactivate, set browser.gatherUsageStats to false.
2026-01-17 10:53:56 +00:00: 
2026-01-17 10:53:57 +00:00: 
2026-01-17 10:53:57 +00:00:   You can now view your Streamlit app in your browser.
2026-01-17 10:53:57 +00:00: 
2026-01-17 10:53:57 +00:00:   URL: http://0.0.0.0:8501
2026-01-17 10:53:57 +00:00: 
2026-01-17 10:55:11 +00:00:   Stopping...
2026-01-17 10:55:12 +00:00: 
2026-01-17 10:55:12 +00:00: Collecting usage statistics. To deactivate, set browser.gatherUsageStats to false.
2026-01-17 10:55:12 +00:00: 
2026-01-17 10:55:13 +00:00: 
2026-01-17 10:55:13 +00:00:   You can now view your Streamlit app in your browser.
2026-01-17 10:55:13 +00:00: 
2026-01-17 10:55:13 +00:00:   URL: http://0.0.0.0:8501
2026-01-17 10:55:13 +00:00: 
2026-01-17 11:30:17 +00:00: 
2026-01-17 11:30:17 +00:00: Collecting usage statistics. To deactivate, set browser.gatherUsageStats to false.
2026-01-17 11:30:17 +00:00: 
2026-01-17 11:30:17 +00:00: 
2026-01-17 11:30:17 +00:00:   You can now view your Streamlit app in your browser.
2026-01-17 11:30:17 +00:00: 
2026-01-17 11:30:17 +00:00:   URL: http://0.0.0.0:8501
2026-01-17 11:30:17 +00:00: 
2026-01-17 11:30:40 +00:00:   Stopping...
2026-01-17 11:30:41 +00:00: 
2026-01-17 11:30:41 +00:00: Collecting usage statistics. To deactivate, set browser.gatherUsageStats to false.
2026-01-17 11:30:41 +00:00: 
2026-01-17 11:30:41 +00:00: 
2026-01-17 11:30:41 +00:00:   You can now view your Streamlit app in your browser.
2026-01-17 11:30:41 +00:00: 
2026-01-17 11:30:41 +00:00:   URL: http://0.0.0.0:8501
2026-01-17 11:30:41 +00:00: 
